<?xml version="1.0" encoding="UTF-8"?>
<testsuite name="com.dhgroup.beta.service.MemberServiceTest" tests="5" skipped="0" failures="0" errors="0" timestamp="2022-10-22T12:00:21" hostname="LAPTOP-IE47KD54" time="0.612">
  <properties/>
  <testcase name="카카오_로그인_실패()" classname="com.dhgroup.beta.service.MemberServiceTest" time="0.086"/>
  <testcase name="카카오_회원가입()" classname="com.dhgroup.beta.service.MemberServiceTest" time="0.046"/>
  <testcase name="기본_로그인_없는_아이디()" classname="com.dhgroup.beta.service.MemberServiceTest" time="0.014"/>
  <testcase name="기본_로그인_비밀번호_불일치()" classname="com.dhgroup.beta.service.MemberServiceTest" time="0.247"/>
  <testcase name="기본_로그인_성공()" classname="com.dhgroup.beta.service.MemberServiceTest" time="0.212"/>
  <system-out><![CDATA[2022-10-22 21:00:20.867  INFO 37268 --- [    Test worker] o.s.t.c.s.DefaultTestContextBootstrapper : Neither @ContextConfiguration nor @ContextHierarchy found for test class [com.dhgroup.beta.service.MemberServiceTest], using DelegatingSmartContextLoader
2022-10-22 21:00:20.869  INFO 37268 --- [    Test worker] o.s.t.c.support.AbstractContextLoader    : Could not detect default resource locations for test class [com.dhgroup.beta.service.MemberServiceTest]: no resource found for suffixes {-context.xml}.
2022-10-22 21:00:20.870  INFO 37268 --- [    Test worker] t.c.s.AnnotationConfigContextLoaderUtils : Could not detect default configuration classes for test class [com.dhgroup.beta.service.MemberServiceTest]: MemberServiceTest does not declare any static, non-private, non-final, nested classes annotated with @Configuration.
2022-10-22 21:00:20.876  INFO 37268 --- [    Test worker] o.s.t.c.s.DefaultTestContextBootstrapper : Loaded default TestExecutionListener class names from location [META-INF/spring.factories]: [org.springframework.boot.test.autoconfigure.restdocs.RestDocsTestExecutionListener, org.springframework.boot.test.autoconfigure.web.client.MockRestServiceServerResetTestExecutionListener, org.springframework.boot.test.autoconfigure.web.servlet.MockMvcPrintOnlyOnFailureTestExecutionListener, org.springframework.boot.test.autoconfigure.web.servlet.WebDriverTestExecutionListener, org.springframework.boot.test.autoconfigure.webservices.client.MockWebServiceServerTestExecutionListener, org.springframework.boot.test.mock.mockito.MockitoTestExecutionListener, org.springframework.boot.test.mock.mockito.ResetMocksTestExecutionListener, org.springframework.test.context.web.ServletTestExecutionListener, org.springframework.test.context.support.DirtiesContextBeforeModesTestExecutionListener, org.springframework.test.context.event.ApplicationEventsTestExecutionListener, org.springframework.test.context.support.DependencyInjectionTestExecutionListener, org.springframework.test.context.support.DirtiesContextTestExecutionListener, org.springframework.test.context.transaction.TransactionalTestExecutionListener, org.springframework.test.context.jdbc.SqlScriptsTestExecutionListener, org.springframework.test.context.event.EventPublishingTestExecutionListener]
2022-10-22 21:00:20.876  INFO 37268 --- [    Test worker] o.s.t.c.s.DefaultTestContextBootstrapper : Using TestExecutionListeners: [org.springframework.test.context.web.ServletTestExecutionListener@190a5f74, org.springframework.test.context.support.DirtiesContextBeforeModesTestExecutionListener@48d588dd, org.springframework.test.context.event.ApplicationEventsTestExecutionListener@b09df69, org.springframework.boot.test.mock.mockito.MockitoTestExecutionListener@4d19ddeb, org.springframework.test.context.support.DependencyInjectionTestExecutionListener@623dac3, org.springframework.test.context.support.DirtiesContextTestExecutionListener@625439ba, org.springframework.test.context.transaction.TransactionalTestExecutionListener@2763500e, org.springframework.test.context.jdbc.SqlScriptsTestExecutionListener@2416378c, org.springframework.test.context.event.EventPublishingTestExecutionListener@3c7b040f, org.springframework.boot.test.autoconfigure.restdocs.RestDocsTestExecutionListener@7f2163d3, org.springframework.boot.test.autoconfigure.web.client.MockRestServiceServerResetTestExecutionListener@427faf19, org.springframework.boot.test.autoconfigure.web.servlet.MockMvcPrintOnlyOnFailureTestExecutionListener@57404a8d, org.springframework.boot.test.autoconfigure.web.servlet.WebDriverTestExecutionListener@337f6716, org.springframework.boot.test.autoconfigure.webservices.client.MockWebServiceServerTestExecutionListener@4734a551, org.springframework.boot.test.mock.mockito.ResetMocksTestExecutionListener@780ccdc9]
]]></system-out>
  <system-err><![CDATA[]]></system-err>
</testsuite>
