<?xml version="1.0" encoding="UTF-8"?>
<testsuite name="com.dhgroup.beta.web.validation.ValidationTest" tests="5" skipped="0" failures="0" errors="0" timestamp="2022-10-22T12:00:27" hostname="LAPTOP-IE47KD54" time="0.067">
  <properties/>
  <testcase name="닉네임_사이즈()" classname="com.dhgroup.beta.web.validation.ValidationTest" time="0.011"/>
  <testcase name="닉네임_공백()" classname="com.dhgroup.beta.web.validation.ValidationTest" time="0.024"/>
  <testcase name="닉네임_패턴()" classname="com.dhgroup.beta.web.validation.ValidationTest" time="0.001"/>
  <testcase name="글_공백()" classname="com.dhgroup.beta.web.validation.ValidationTest" time="0.019"/>
  <testcase name="회원_아이디_패턴()" classname="com.dhgroup.beta.web.validation.ValidationTest" time="0.009"/>
  <system-out><![CDATA[]]></system-out>
  <system-err><![CDATA[]]></system-err>
</testsuite>
