<?xml version="1.0" encoding="UTF-8"?>
<testsuite name="com.dhgroup.beta.web.domain.MemberTest" tests="1" skipped="0" failures="0" errors="0" timestamp="2022-10-22T12:00:27" hostname="LAPTOP-IE47KD54" time="0.005">
  <properties/>
  <testcase name="유저태그_생성()" classname="com.dhgroup.beta.web.domain.MemberTest" time="0.005"/>
  <system-out><![CDATA[]]></system-out>
  <system-err><![CDATA[]]></system-err>
</testsuite>
