<?xml version="1.0" encoding="UTF-8"?>
<testsuite name="com.dhgroup.beta.web.PostsApiTest" tests="8" skipped="0" failures="0" errors="0" timestamp="2022-10-22T12:00:27" hostname="LAPTOP-IE47KD54" time="0.161">
  <properties/>
  <testcase name="글수정_실패()" classname="com.dhgroup.beta.web.PostsApiTest" time="0.039"/>
  <testcase name="글목록_불러오기_로그인안함()" classname="com.dhgroup.beta.web.PostsApiTest" time="0.043"/>
  <testcase name="글삭제()" classname="com.dhgroup.beta.web.PostsApiTest" time="0.012"/>
  <testcase name="글수정()" classname="com.dhgroup.beta.web.PostsApiTest" time="0.011"/>
  <testcase name="글작성()" classname="com.dhgroup.beta.web.PostsApiTest" time="0.013"/>
  <testcase name="좋아요()" classname="com.dhgroup.beta.web.PostsApiTest" time="0.009"/>
  <testcase name="좋아요취소()" classname="com.dhgroup.beta.web.PostsApiTest" time="0.01"/>
  <testcase name="글목록_불러오기_로그인함()" classname="com.dhgroup.beta.web.PostsApiTest" time="0.012"/>
  <system-out><![CDATA[2022-10-22 21:00:25.560  INFO 37268 --- [    Test worker] .b.t.a.w.s.WebMvcTestContextBootstrapper : Neither @ContextConfiguration nor @ContextHierarchy found for test class [com.dhgroup.beta.web.PostsApiTest], using SpringBootContextLoader
2022-10-22 21:00:25.562  INFO 37268 --- [    Test worker] o.s.t.c.support.AbstractContextLoader    : Could not detect default resource locations for test class [com.dhgroup.beta.web.PostsApiTest]: no resource found for suffixes {-context.xml, Context.groovy}.
2022-10-22 21:00:25.562  INFO 37268 --- [    Test worker] t.c.s.AnnotationConfigContextLoaderUtils : Could not detect default configuration classes for test class [com.dhgroup.beta.web.PostsApiTest]: PostsApiTest does not declare any static, non-private, non-final, nested classes annotated with @Configuration.
2022-10-22 21:00:25.571  INFO 37268 --- [    Test worker] .b.t.c.SpringBootTestContextBootstrapper : Found @SpringBootConfiguration com.dhgroup.beta.BetaApplication for test class com.dhgroup.beta.web.PostsApiTest
2022-10-22 21:00:25.572  INFO 37268 --- [    Test worker] .b.t.a.w.s.WebMvcTestContextBootstrapper : Loaded default TestExecutionListener class names from location [META-INF/spring.factories]: [org.springframework.boot.test.autoconfigure.restdocs.RestDocsTestExecutionListener, org.springframework.boot.test.autoconfigure.web.client.MockRestServiceServerResetTestExecutionListener, org.springframework.boot.test.autoconfigure.web.servlet.MockMvcPrintOnlyOnFailureTestExecutionListener, org.springframework.boot.test.autoconfigure.web.servlet.WebDriverTestExecutionListener, org.springframework.boot.test.autoconfigure.webservices.client.MockWebServiceServerTestExecutionListener, org.springframework.boot.test.mock.mockito.MockitoTestExecutionListener, org.springframework.boot.test.mock.mockito.ResetMocksTestExecutionListener, org.springframework.test.context.web.ServletTestExecutionListener, org.springframework.test.context.support.DirtiesContextBeforeModesTestExecutionListener, org.springframework.test.context.event.ApplicationEventsTestExecutionListener, org.springframework.test.context.support.DependencyInjectionTestExecutionListener, org.springframework.test.context.support.DirtiesContextTestExecutionListener, org.springframework.test.context.transaction.TransactionalTestExecutionListener, org.springframework.test.context.jdbc.SqlScriptsTestExecutionListener, org.springframework.test.context.event.EventPublishingTestExecutionListener]
2022-10-22 21:00:25.573  INFO 37268 --- [    Test worker] .b.t.a.w.s.WebMvcTestContextBootstrapper : Using TestExecutionListeners: [org.springframework.test.context.web.ServletTestExecutionListener@5f597b1c, org.springframework.test.context.support.DirtiesContextBeforeModesTestExecutionListener@760d9d4a, org.springframework.test.context.event.ApplicationEventsTestExecutionListener@69235eea, org.springframework.boot.test.mock.mockito.MockitoTestExecutionListener@54902273, org.springframework.boot.test.autoconfigure.SpringBootDependencyInjectionTestExecutionListener@40052266, org.springframework.test.context.support.DirtiesContextTestExecutionListener@5a7810e1, org.springframework.test.context.transaction.TransactionalTestExecutionListener@29dfc14a, org.springframework.test.context.jdbc.SqlScriptsTestExecutionListener@7c09fdb8, org.springframework.test.context.event.EventPublishingTestExecutionListener@15f6f64d, org.springframework.boot.test.autoconfigure.restdocs.RestDocsTestExecutionListener@f93030a, org.springframework.boot.test.autoconfigure.web.client.MockRestServiceServerResetTestExecutionListener@58914623, org.springframework.boot.test.autoconfigure.web.servlet.MockMvcPrintOnlyOnFailureTestExecutionListener@6b4684b4, org.springframework.boot.test.autoconfigure.web.servlet.WebDriverTestExecutionListener@4920430f, org.springframework.boot.test.autoconfigure.webservices.client.MockWebServiceServerTestExecutionListener@5e3c8272, org.springframework.boot.test.mock.mockito.ResetMocksTestExecutionListener@cce77c8]

  .   ____          _            __ _ _
 /\\ / ___'_ __ _ _(_)_ __  __ _ \ \ \ \
( ( )\___ | '_ | '_| | '_ \/ _` | \ \ \ \
 \\/  ___)| |_)| | | | | || (_| |  ) ) ) )
  '  |____| .__|_| |_|_| |_\__, | / / / /
 =========|_|==============|___/=/_/_/_/
 :: Spring Boot ::                (v2.7.3)

2022-10-22 21:00:25.670  INFO 37268 --- [    Test worker] com.dhgroup.beta.web.PostsApiTest        : Starting PostsApiTest using Java 11 on LAPTOP-IE47KD54 with PID 37268 (started by idh03 in C:\Users\idh03\IdeaProjects\beta)
2022-10-22 21:00:25.671  INFO 37268 --- [    Test worker] com.dhgroup.beta.web.PostsApiTest        : No active profile set, falling back to 1 default profile: "default"
2022-10-22 21:00:26.502  WARN 37268 --- [    Test worker] .s.s.UserDetailsServiceAutoConfiguration : 

Using generated security password: 8b31b365-385b-46c0-b3ae-e90984618cc3

This generated password is for development use only. Your security configuration must be updated before running your application in production.

2022-10-22 21:00:26.712  INFO 37268 --- [    Test worker] o.s.s.web.DefaultSecurityFilterChain     : Will secure any request with [org.springframework.security.web.session.DisableEncodeUrlFilter@11f2be38, org.springframework.security.web.context.request.async.WebAsyncManagerIntegrationFilter@4613274d, org.springframework.security.web.context.SecurityContextPersistenceFilter@27d7ee42, org.springframework.security.web.header.HeaderWriterFilter@2618343, org.springframework.security.web.authentication.logout.LogoutFilter@3ed0e816, org.springframework.security.web.authentication.UsernamePasswordAuthenticationFilter@31ad368a, org.springframework.security.web.authentication.ui.DefaultLoginPageGeneratingFilter@6915e5ca, org.springframework.security.web.authentication.ui.DefaultLogoutPageGeneratingFilter@18fb5226, org.springframework.security.web.savedrequest.RequestCacheAwareFilter@7167ca15, org.springframework.security.web.servletapi.SecurityContextHolderAwareRequestFilter@7f9224e1, org.springframework.security.web.authentication.AnonymousAuthenticationFilter@403a2ed5, org.springframework.security.web.session.SessionManagementFilter@796dff96, org.springframework.security.web.access.ExceptionTranslationFilter@5a118efb, org.springframework.security.web.access.intercept.FilterSecurityInterceptor@1069cbf2]
2022-10-22 21:00:27.405  INFO 37268 --- [    Test worker] o.s.b.t.m.w.SpringBootMockServletContext : Initializing Spring TestDispatcherServlet ''
2022-10-22 21:00:27.405  INFO 37268 --- [    Test worker] o.s.t.web.servlet.TestDispatcherServlet  : Initializing Servlet ''
2022-10-22 21:00:27.405  INFO 37268 --- [    Test worker] o.s.t.web.servlet.TestDispatcherServlet  : Completed initialization in 0 ms
2022-10-22 21:00:27.427  INFO 37268 --- [    Test worker] com.dhgroup.beta.web.PostsApiTest        : Started PostsApiTest in 1.849 seconds (JVM running for 30.133)

MockHttpServletRequest:
      HTTP Method = GET
      Request URI = /api/v1/posts/list/0
       Parameters = {}
          Headers = [Content-Type:"application/json;charset=UTF-8", Content-Length:"123"]
             Body = {"sort":{"empty":true,"sorted":false,"unsorted":true},"offset":0,"pageNumber":0,"pageSize":10,"unpaged":false,"paged":true}
    Session Attrs = {}

Handler:
             Type = com.dhgroup.beta.web.controller.api.PostsApi
           Method = com.dhgroup.beta.web.controller.api.PostsApi#viewPosts(Long, Pageable)

Async:
    Async started = false
     Async result = null

Resolved Exception:
             Type = null

ModelAndView:
        View name = null
             View = null
            Model = null

FlashMap:
       Attributes = null

MockHttpServletResponse:
           Status = 200
    Error message = null
          Headers = [Content-Type:"application/json", X-Content-Type-Options:"nosniff", X-XSS-Protection:"1; mode=block", Cache-Control:"no-cache, no-store, max-age=0, must-revalidate", Pragma:"no-cache", Expires:"0", X-Frame-Options:"DENY"]
     Content type = application/json
             Body = {"status":1,"msg":"게시글 목록이 성공적으로 불러와졌습니다.","data":[{"id":null,"title":"글제목1","content":"글내용1","writer":null,"likeCount":null,"commentCount":null,"status":null,"date":null,"liked":false},{"id":null,"title":"글제목2","content":"글내용2","writer":null,"likeCount":null,"commentCount":null,"status":null,"date":null,"liked":false},{"id":null,"title":"글제목3","content":"글내용3","writer":null,"likeCount":null,"commentCount":null,"status":null,"date":null,"liked":false},{"id":null,"title":"글제목4","content":"글내용4","writer":null,"likeCount":null,"commentCount":null,"status":null,"date":null,"liked":false},{"id":null,"title":"글제목5","content":"글내용5","writer":null,"likeCount":null,"commentCount":null,"status":null,"date":null,"liked":false}]}
    Forwarded URL = null
   Redirected URL = null
          Cookies = []

MockHttpServletRequest:
      HTTP Method = PATCH
      Request URI = /api/v1/posts/1
       Parameters = {}
          Headers = [Content-Type:"application/json;charset=UTF-8", Content-Length:"56"]
             Body = {"memberId":1,"title":"글제목","content":"글내용"}
    Session Attrs = {}

Handler:
             Type = com.dhgroup.beta.web.controller.api.PostsApi
           Method = com.dhgroup.beta.web.controller.api.PostsApi#update(Long, PostsUpdateDto)

Async:
    Async started = false
     Async result = null

Resolved Exception:
             Type = null

ModelAndView:
        View name = null
             View = null
            Model = null

FlashMap:
       Attributes = null

MockHttpServletResponse:
           Status = 201
    Error message = null
          Headers = [Content-Type:"application/json", X-Content-Type-Options:"nosniff", X-XSS-Protection:"1; mode=block", Cache-Control:"no-cache, no-store, max-age=0, must-revalidate", Pragma:"no-cache", Expires:"0", X-Frame-Options:"DENY"]
     Content type = application/json
             Body = {"status":1,"msg":"게시글이 수정되었습니다.","data":null}
    Forwarded URL = null
   Redirected URL = null
          Cookies = []

MockHttpServletRequest:
      HTTP Method = POST
      Request URI = /api/v1/posts/
       Parameters = {}
          Headers = [Content-Type:"application/json;charset=UTF-8", Content-Length:"59"]
             Body = {"title":"글제목","content":"글내용","memberId":null}
    Session Attrs = {}

Handler:
             Type = com.dhgroup.beta.web.controller.api.PostsApi
           Method = com.dhgroup.beta.web.controller.api.PostsApi#writePosts(PostsRequestDto, BindingResult)

Async:
    Async started = false
     Async result = null

Resolved Exception:
             Type = null

ModelAndView:
        View name = null
             View = null
            Model = null

FlashMap:
       Attributes = null

MockHttpServletResponse:
           Status = 201
    Error message = null
          Headers = [Content-Type:"application/json", X-Content-Type-Options:"nosniff", X-XSS-Protection:"1; mode=block", Cache-Control:"no-cache, no-store, max-age=0, must-revalidate", Pragma:"no-cache", Expires:"0", X-Frame-Options:"DENY"]
     Content type = application/json
             Body = {"status":1,"msg":"게시글이 등록되었습니다.","data":1}
    Forwarded URL = null
   Redirected URL = null
          Cookies = []

MockHttpServletRequest:
      HTTP Method = GET
      Request URI = /api/v1/posts/list/1
       Parameters = {}
          Headers = [Content-Type:"application/json;charset=UTF-8", Content-Length:"123"]
             Body = {"sort":{"empty":true,"sorted":false,"unsorted":true},"offset":0,"pageNumber":0,"pageSize":10,"unpaged":false,"paged":true}
    Session Attrs = {}

Handler:
             Type = com.dhgroup.beta.web.controller.api.PostsApi
           Method = com.dhgroup.beta.web.controller.api.PostsApi#viewPosts(Long, Pageable)

Async:
    Async started = false
     Async result = null

Resolved Exception:
             Type = null

ModelAndView:
        View name = null
             View = null
            Model = null

FlashMap:
       Attributes = null

MockHttpServletResponse:
           Status = 200
    Error message = null
          Headers = [Content-Type:"application/json", X-Content-Type-Options:"nosniff", X-XSS-Protection:"1; mode=block", Cache-Control:"no-cache, no-store, max-age=0, must-revalidate", Pragma:"no-cache", Expires:"0", X-Frame-Options:"DENY"]
     Content type = application/json
             Body = {"status":1,"msg":"게시글 목록이 성공적으로 불러와졌습니다.","data":[{"id":null,"title":"글제목1","content":"글내용1","writer":null,"likeCount":null,"commentCount":null,"status":null,"date":null,"liked":false},{"id":null,"title":"글제목2","content":"글내용2","writer":null,"likeCount":null,"commentCount":null,"status":null,"date":null,"liked":false},{"id":null,"title":"글제목3","content":"글내용3","writer":null,"likeCount":null,"commentCount":null,"status":null,"date":null,"liked":false},{"id":null,"title":"글제목4","content":"글내용4","writer":null,"likeCount":null,"commentCount":null,"status":null,"date":null,"liked":false},{"id":null,"title":"글제목5","content":"글내용5","writer":null,"likeCount":null,"commentCount":null,"status":null,"date":null,"liked":false}]}
    Forwarded URL = null
   Redirected URL = null
          Cookies = []
]]></system-out>
  <system-err><![CDATA[]]></system-err>
</testsuite>
