<?xml version="1.0" encoding="UTF-8"?>
<testsuite name="com.dhgroup.beta.service.PostsServiceTest" tests="11" skipped="0" failures="0" errors="0" timestamp="2022-10-22T12:00:22" hostname="LAPTOP-IE47KD54" time="0.143">
  <properties/>
  <testcase name="좋아요_여부_업데이트()" classname="com.dhgroup.beta.service.PostsServiceTest" time="0.011"/>
  <testcase name="글목록_불러오기_실패()" classname="com.dhgroup.beta.service.PostsServiceTest" time="0.012"/>
  <testcase name="작성자체크실패()" classname="com.dhgroup.beta.service.PostsServiceTest" time="0.011"/>
  <testcase name="좋아요_시간_업데이트()" classname="com.dhgroup.beta.service.PostsServiceTest" time="0.007"/>
  <testcase name="글작성()" classname="com.dhgroup.beta.service.PostsServiceTest" time="0.017"/>
  <testcase name="좋아요()" classname="com.dhgroup.beta.service.PostsServiceTest" time="0.013"/>
  <testcase name="글목록_불러오기()" classname="com.dhgroup.beta.service.PostsServiceTest" time="0.009"/>
  <testcase name="작성자체크()" classname="com.dhgroup.beta.service.PostsServiceTest" time="0.01"/>
  <testcase name="좋아요여부()" classname="com.dhgroup.beta.service.PostsServiceTest" time="0.013"/>
  <testcase name="좋아요_취소()" classname="com.dhgroup.beta.service.PostsServiceTest" time="0.013"/>
  <testcase name="좋아요_게시물_찾아오기()" classname="com.dhgroup.beta.service.PostsServiceTest" time="0.009"/>
  <system-out><![CDATA[2022-10-22 21:00:21.891  INFO 37268 --- [    Test worker] o.s.t.c.s.DefaultTestContextBootstrapper : Neither @ContextConfiguration nor @ContextHierarchy found for test class [com.dhgroup.beta.service.PostsServiceTest], using DelegatingSmartContextLoader
2022-10-22 21:00:21.892  INFO 37268 --- [    Test worker] o.s.t.c.support.AbstractContextLoader    : Could not detect default resource locations for test class [com.dhgroup.beta.service.PostsServiceTest]: no resource found for suffixes {-context.xml}.
2022-10-22 21:00:21.892  INFO 37268 --- [    Test worker] t.c.s.AnnotationConfigContextLoaderUtils : Could not detect default configuration classes for test class [com.dhgroup.beta.service.PostsServiceTest]: PostsServiceTest does not declare any static, non-private, non-final, nested classes annotated with @Configuration.
2022-10-22 21:00:21.894  INFO 37268 --- [    Test worker] o.s.t.c.s.DefaultTestContextBootstrapper : Loaded default TestExecutionListener class names from location [META-INF/spring.factories]: [org.springframework.boot.test.autoconfigure.restdocs.RestDocsTestExecutionListener, org.springframework.boot.test.autoconfigure.web.client.MockRestServiceServerResetTestExecutionListener, org.springframework.boot.test.autoconfigure.web.servlet.MockMvcPrintOnlyOnFailureTestExecutionListener, org.springframework.boot.test.autoconfigure.web.servlet.WebDriverTestExecutionListener, org.springframework.boot.test.autoconfigure.webservices.client.MockWebServiceServerTestExecutionListener, org.springframework.boot.test.mock.mockito.MockitoTestExecutionListener, org.springframework.boot.test.mock.mockito.ResetMocksTestExecutionListener, org.springframework.test.context.web.ServletTestExecutionListener, org.springframework.test.context.support.DirtiesContextBeforeModesTestExecutionListener, org.springframework.test.context.event.ApplicationEventsTestExecutionListener, org.springframework.test.context.support.DependencyInjectionTestExecutionListener, org.springframework.test.context.support.DirtiesContextTestExecutionListener, org.springframework.test.context.transaction.TransactionalTestExecutionListener, org.springframework.test.context.jdbc.SqlScriptsTestExecutionListener, org.springframework.test.context.event.EventPublishingTestExecutionListener]
2022-10-22 21:00:21.894  INFO 37268 --- [    Test worker] o.s.t.c.s.DefaultTestContextBootstrapper : Using TestExecutionListeners: [org.springframework.test.context.web.ServletTestExecutionListener@2242dd2b, org.springframework.test.context.support.DirtiesContextBeforeModesTestExecutionListener@3087b35f, org.springframework.test.context.event.ApplicationEventsTestExecutionListener@26cd77cc, org.springframework.boot.test.mock.mockito.MockitoTestExecutionListener@19324eab, org.springframework.test.context.support.DependencyInjectionTestExecutionListener@2dad7323, org.springframework.test.context.support.DirtiesContextTestExecutionListener@20bd3082, org.springframework.test.context.transaction.TransactionalTestExecutionListener@6d03404e, org.springframework.test.context.jdbc.SqlScriptsTestExecutionListener@664f1c53, org.springframework.test.context.event.EventPublishingTestExecutionListener@20bd4fd2, org.springframework.boot.test.autoconfigure.restdocs.RestDocsTestExecutionListener@69cd4267, org.springframework.boot.test.autoconfigure.web.client.MockRestServiceServerResetTestExecutionListener@1ebb6e20, org.springframework.boot.test.autoconfigure.web.servlet.MockMvcPrintOnlyOnFailureTestExecutionListener@85420, org.springframework.boot.test.autoconfigure.web.servlet.WebDriverTestExecutionListener@4a81582c, org.springframework.boot.test.autoconfigure.webservices.client.MockWebServiceServerTestExecutionListener@49dce561, org.springframework.boot.test.mock.mockito.ResetMocksTestExecutionListener@c534814]
]]></system-out>
  <system-err><![CDATA[]]></system-err>
</testsuite>
