<?xml version="1.0" encoding="UTF-8"?>
<testsuite name="com.dhgroup.beta.web.MemberApiTest" tests="3" skipped="0" failures="0" errors="0" timestamp="2022-10-22T12:00:24" hostname="LAPTOP-IE47KD54" time="0.669">
  <properties/>
  <testcase name="카카오_회원가입()" classname="com.dhgroup.beta.web.MemberApiTest" time="0.613"/>
  <testcase name="닉네임변경()" classname="com.dhgroup.beta.web.MemberApiTest" time="0.034"/>
  <testcase name="카카오_로그인()" classname="com.dhgroup.beta.web.MemberApiTest" time="0.019"/>
  <system-out><![CDATA[2022-10-22 21:00:22.198  INFO 37268 --- [    Test worker] .b.t.a.w.s.WebMvcTestContextBootstrapper : Neither @ContextConfiguration nor @ContextHierarchy found for test class [com.dhgroup.beta.web.MemberApiTest], using SpringBootContextLoader
2022-10-22 21:00:22.200  INFO 37268 --- [    Test worker] o.s.t.c.support.AbstractContextLoader    : Could not detect default resource locations for test class [com.dhgroup.beta.web.MemberApiTest]: no resource found for suffixes {-context.xml, Context.groovy}.
2022-10-22 21:00:22.200  INFO 37268 --- [    Test worker] t.c.s.AnnotationConfigContextLoaderUtils : Could not detect default configuration classes for test class [com.dhgroup.beta.web.MemberApiTest]: MemberApiTest does not declare any static, non-private, non-final, nested classes annotated with @Configuration.
2022-10-22 21:00:22.242  INFO 37268 --- [    Test worker] .b.t.c.SpringBootTestContextBootstrapper : Found @SpringBootConfiguration com.dhgroup.beta.BetaApplication for test class com.dhgroup.beta.web.MemberApiTest
2022-10-22 21:00:22.243  INFO 37268 --- [    Test worker] .b.t.a.w.s.WebMvcTestContextBootstrapper : Loaded default TestExecutionListener class names from location [META-INF/spring.factories]: [org.springframework.boot.test.autoconfigure.restdocs.RestDocsTestExecutionListener, org.springframework.boot.test.autoconfigure.web.client.MockRestServiceServerResetTestExecutionListener, org.springframework.boot.test.autoconfigure.web.servlet.MockMvcPrintOnlyOnFailureTestExecutionListener, org.springframework.boot.test.autoconfigure.web.servlet.WebDriverTestExecutionListener, org.springframework.boot.test.autoconfigure.webservices.client.MockWebServiceServerTestExecutionListener, org.springframework.boot.test.mock.mockito.MockitoTestExecutionListener, org.springframework.boot.test.mock.mockito.ResetMocksTestExecutionListener, org.springframework.test.context.web.ServletTestExecutionListener, org.springframework.test.context.support.DirtiesContextBeforeModesTestExecutionListener, org.springframework.test.context.event.ApplicationEventsTestExecutionListener, org.springframework.test.context.support.DependencyInjectionTestExecutionListener, org.springframework.test.context.support.DirtiesContextTestExecutionListener, org.springframework.test.context.transaction.TransactionalTestExecutionListener, org.springframework.test.context.jdbc.SqlScriptsTestExecutionListener, org.springframework.test.context.event.EventPublishingTestExecutionListener]
2022-10-22 21:00:22.243  INFO 37268 --- [    Test worker] .b.t.a.w.s.WebMvcTestContextBootstrapper : Using TestExecutionListeners: [org.springframework.test.context.web.ServletTestExecutionListener@12a9889e, org.springframework.test.context.support.DirtiesContextBeforeModesTestExecutionListener@5fcc792f, org.springframework.test.context.event.ApplicationEventsTestExecutionListener@2927d781, org.springframework.boot.test.mock.mockito.MockitoTestExecutionListener@1fae279e, org.springframework.boot.test.autoconfigure.SpringBootDependencyInjectionTestExecutionListener@411db18d, org.springframework.test.context.support.DirtiesContextTestExecutionListener@7d24bd80, org.springframework.test.context.transaction.TransactionalTestExecutionListener@6a28f67a, org.springframework.test.context.jdbc.SqlScriptsTestExecutionListener@4d4ae76, org.springframework.test.context.event.EventPublishingTestExecutionListener@28e9f6b8, org.springframework.boot.test.autoconfigure.restdocs.RestDocsTestExecutionListener@70798698, org.springframework.boot.test.autoconfigure.web.client.MockRestServiceServerResetTestExecutionListener@5d4f35cb, org.springframework.boot.test.autoconfigure.web.servlet.MockMvcPrintOnlyOnFailureTestExecutionListener@7cc9970a, org.springframework.boot.test.autoconfigure.web.servlet.WebDriverTestExecutionListener@1bf2e21d, org.springframework.boot.test.autoconfigure.webservices.client.MockWebServiceServerTestExecutionListener@2703fabd, org.springframework.boot.test.mock.mockito.ResetMocksTestExecutionListener@34672fb]

  .   ____          _            __ _ _
 /\\ / ___'_ __ _ _(_)_ __  __ _ \ \ \ \
( ( )\___ | '_ | '_| | '_ \/ _` | \ \ \ \
 \\/  ___)| |_)| | | | | || (_| |  ) ) ) )
  '  |____| .__|_| |_|_| |_\__, | / / / /
 =========|_|==============|___/=/_/_/_/
 :: Spring Boot ::                (v2.7.3)

2022-10-22 21:00:22.344  INFO 37268 --- [    Test worker] com.dhgroup.beta.web.MemberApiTest       : Starting MemberApiTest using Java 11 on LAPTOP-IE47KD54 with PID 37268 (started by idh03 in C:\Users\idh03\IdeaProjects\beta)
2022-10-22 21:00:22.344  INFO 37268 --- [    Test worker] com.dhgroup.beta.web.MemberApiTest       : No active profile set, falling back to 1 default profile: "default"
2022-10-22 21:00:23.425  WARN 37268 --- [    Test worker] .s.s.UserDetailsServiceAutoConfiguration : 

Using generated security password: 2909b9e7-b4c3-404d-9453-adba92c2ef59

This generated password is for development use only. Your security configuration must be updated before running your application in production.

2022-10-22 21:00:23.736  INFO 37268 --- [    Test worker] o.s.s.web.DefaultSecurityFilterChain     : Will secure any request with [org.springframework.security.web.session.DisableEncodeUrlFilter@6573b345, org.springframework.security.web.context.request.async.WebAsyncManagerIntegrationFilter@5c085d4a, org.springframework.security.web.context.SecurityContextPersistenceFilter@43139322, org.springframework.security.web.header.HeaderWriterFilter@37930f48, org.springframework.security.web.authentication.logout.LogoutFilter@3d2162c5, org.springframework.security.web.authentication.UsernamePasswordAuthenticationFilter@61668c05, org.springframework.security.web.authentication.ui.DefaultLoginPageGeneratingFilter@ce4a8a2, org.springframework.security.web.authentication.ui.DefaultLogoutPageGeneratingFilter@3fc0a2c, org.springframework.security.web.savedrequest.RequestCacheAwareFilter@39caf68a, org.springframework.security.web.servletapi.SecurityContextHolderAwareRequestFilter@160c47b4, org.springframework.security.web.authentication.AnonymousAuthenticationFilter@562fa8f2, org.springframework.security.web.session.SessionManagementFilter@58084f58, org.springframework.security.web.access.ExceptionTranslationFilter@41576e84, org.springframework.security.web.access.intercept.FilterSecurityInterceptor@64176780]
2022-10-22 21:00:24.835  INFO 37268 --- [    Test worker] o.s.b.t.m.w.SpringBootMockServletContext : Initializing Spring TestDispatcherServlet ''
2022-10-22 21:00:24.835  INFO 37268 --- [    Test worker] o.s.t.web.servlet.TestDispatcherServlet  : Initializing Servlet ''
2022-10-22 21:00:24.836  INFO 37268 --- [    Test worker] o.s.t.web.servlet.TestDispatcherServlet  : Completed initialization in 1 ms
2022-10-22 21:00:24.875  INFO 37268 --- [    Test worker] com.dhgroup.beta.web.MemberApiTest       : Started MemberApiTest in 2.626 seconds (JVM running for 27.581)

MockHttpServletRequest:
      HTTP Method = POST
      Request URI = /api/v1/member/kakao/1h2g2yysh297h2s
       Parameters = {}
          Headers = [Content-Type:"application/json;charset=UTF-8", Content-Length:"37"]
             Body = {"nickname":"홍길동","authId":"1"}
    Session Attrs = {}

Handler:
             Type = com.dhgroup.beta.web.controller.api.MemberApi
           Method = com.dhgroup.beta.web.controller.api.MemberApi#kakaoLoginAndJoin(KakaoJoinRequestDto, BindingResult)

Async:
    Async started = false
     Async result = null

Resolved Exception:
             Type = null

ModelAndView:
        View name = null
             View = null
            Model = null

FlashMap:
       Attributes = null

MockHttpServletResponse:
           Status = 201
    Error message = null
          Headers = [Content-Type:"application/json", X-Content-Type-Options:"nosniff", X-XSS-Protection:"1; mode=block", Cache-Control:"no-cache, no-store, max-age=0, must-revalidate", Pragma:"no-cache", Expires:"0", X-Frame-Options:"DENY"]
     Content type = application/json
             Body = {"status":1,"msg":"회원가입에 성공 하셨습니다.","data":{"id":1,"userTag":"#0001"}}
    Forwarded URL = null
   Redirected URL = null
          Cookies = []

MockHttpServletRequest:
      HTTP Method = PATCH
      Request URI = /api/v1/member/1
       Parameters = {}
          Headers = [Content-Type:"application/json;charset=UTF-8", Content-Length:"37"]
             Body = {"nickname":"홍길동","authId":"1"}
    Session Attrs = {}

Handler:
             Type = com.dhgroup.beta.web.controller.api.MemberApi
           Method = com.dhgroup.beta.web.controller.api.MemberApi#updateNickname(Long, MemberUpdateRequestDto)

Async:
    Async started = false
     Async result = null

Resolved Exception:
             Type = null

ModelAndView:
        View name = null
             View = null
            Model = null

FlashMap:
       Attributes = null

MockHttpServletResponse:
           Status = 200
    Error message = null
          Headers = [Content-Type:"application/json", X-Content-Type-Options:"nosniff", X-XSS-Protection:"1; mode=block", Cache-Control:"no-cache, no-store, max-age=0, must-revalidate", Pragma:"no-cache", Expires:"0", X-Frame-Options:"DENY"]
     Content type = application/json
             Body = {"status":1,"msg":"닉네임이 변경되었습니다.","data":{"id":1,"nickname":"홍길동"}}
    Forwarded URL = null
   Redirected URL = null
          Cookies = []

MockHttpServletRequest:
      HTTP Method = POST
      Request URI = /api/v1/member/kakao/1h2g2yysh297h2s
       Parameters = {}
          Headers = [Content-Type:"application/json;charset=UTF-8", Content-Length:"37"]
             Body = {"nickname":"홍길동","authId":"1"}
    Session Attrs = {}

Handler:
             Type = com.dhgroup.beta.web.controller.api.MemberApi
           Method = com.dhgroup.beta.web.controller.api.MemberApi#kakaoLoginAndJoin(KakaoJoinRequestDto, BindingResult)

Async:
    Async started = false
     Async result = null

Resolved Exception:
             Type = null

ModelAndView:
        View name = null
             View = null
            Model = null

FlashMap:
       Attributes = null

MockHttpServletResponse:
           Status = 200
    Error message = null
          Headers = [Content-Type:"application/json", X-Content-Type-Options:"nosniff", X-XSS-Protection:"1; mode=block", Cache-Control:"no-cache, no-store, max-age=0, must-revalidate", Pragma:"no-cache", Expires:"0", X-Frame-Options:"DENY"]
     Content type = application/json
             Body = {"status":1,"msg":"성공적으로 로그인이 되었습니다.","data":{"id":1,"userTag":"#0001"}}
    Forwarded URL = null
   Redirected URL = null
          Cookies = []
]]></system-out>
  <system-err><![CDATA[]]></system-err>
</testsuite>
