<?xml version="1.0" encoding="UTF-8"?>
<testsuite name="com.dhgroup.beta.repository.MemberRepositoryTest" tests="4" skipped="0" failures="0" errors="0" timestamp="2022-10-22T12:00:20" hostname="LAPTOP-IE47KD54" time="0.131">
  <properties/>
  <testcase name="카카오아이디로_멤버찾아오기()" classname="com.dhgroup.beta.repository.MemberRepositoryTest" time="0.029"/>
  <testcase name="아이디로_유저찾기()" classname="com.dhgroup.beta.repository.MemberRepositoryTest" time="0.057"/>
  <testcase name="닉네임_중복()" classname="com.dhgroup.beta.repository.MemberRepositoryTest" time="0.022"/>
  <testcase name="닉네임중복체크()" classname="com.dhgroup.beta.repository.MemberRepositoryTest" time="0.018"/>
  <system-out><![CDATA[2022-10-22 21:00:20.113  INFO 37268 --- [    Test worker] b.t.a.o.j.DataJpaTestContextBootstrapper : Neither @ContextConfiguration nor @ContextHierarchy found for test class [com.dhgroup.beta.repository.MemberRepositoryTest], using SpringBootContextLoader
2022-10-22 21:00:20.115  INFO 37268 --- [    Test worker] o.s.t.c.support.AbstractContextLoader    : Could not detect default resource locations for test class [com.dhgroup.beta.repository.MemberRepositoryTest]: no resource found for suffixes {-context.xml, Context.groovy}.
2022-10-22 21:00:20.115  INFO 37268 --- [    Test worker] t.c.s.AnnotationConfigContextLoaderUtils : Could not detect default configuration classes for test class [com.dhgroup.beta.repository.MemberRepositoryTest]: MemberRepositoryTest does not declare any static, non-private, non-final, nested classes annotated with @Configuration.
2022-10-22 21:00:20.127  INFO 37268 --- [    Test worker] .b.t.c.SpringBootTestContextBootstrapper : Found @SpringBootConfiguration com.dhgroup.beta.BetaApplication for test class com.dhgroup.beta.repository.MemberRepositoryTest
2022-10-22 21:00:20.128  INFO 37268 --- [    Test worker] b.t.a.o.j.DataJpaTestContextBootstrapper : Loaded default TestExecutionListener class names from location [META-INF/spring.factories]: [org.springframework.boot.test.autoconfigure.restdocs.RestDocsTestExecutionListener, org.springframework.boot.test.autoconfigure.web.client.MockRestServiceServerResetTestExecutionListener, org.springframework.boot.test.autoconfigure.web.servlet.MockMvcPrintOnlyOnFailureTestExecutionListener, org.springframework.boot.test.autoconfigure.web.servlet.WebDriverTestExecutionListener, org.springframework.boot.test.autoconfigure.webservices.client.MockWebServiceServerTestExecutionListener, org.springframework.boot.test.mock.mockito.MockitoTestExecutionListener, org.springframework.boot.test.mock.mockito.ResetMocksTestExecutionListener, org.springframework.test.context.web.ServletTestExecutionListener, org.springframework.test.context.support.DirtiesContextBeforeModesTestExecutionListener, org.springframework.test.context.event.ApplicationEventsTestExecutionListener, org.springframework.test.context.support.DependencyInjectionTestExecutionListener, org.springframework.test.context.support.DirtiesContextTestExecutionListener, org.springframework.test.context.transaction.TransactionalTestExecutionListener, org.springframework.test.context.jdbc.SqlScriptsTestExecutionListener, org.springframework.test.context.event.EventPublishingTestExecutionListener]
2022-10-22 21:00:20.129  INFO 37268 --- [    Test worker] b.t.a.o.j.DataJpaTestContextBootstrapper : Using TestExecutionListeners: [org.springframework.test.context.web.ServletTestExecutionListener@2fad48b7, org.springframework.test.context.support.DirtiesContextBeforeModesTestExecutionListener@534f4a65, org.springframework.test.context.event.ApplicationEventsTestExecutionListener@8a0447e, org.springframework.boot.test.mock.mockito.MockitoTestExecutionListener@2505480a, org.springframework.boot.test.autoconfigure.SpringBootDependencyInjectionTestExecutionListener@602854ed, org.springframework.test.context.support.DirtiesContextTestExecutionListener@491d36ef, org.springframework.test.context.transaction.TransactionalTestExecutionListener@43941806, org.springframework.test.context.jdbc.SqlScriptsTestExecutionListener@4cde5d66, org.springframework.test.context.event.EventPublishingTestExecutionListener@6ef3f72c, org.springframework.boot.test.autoconfigure.restdocs.RestDocsTestExecutionListener@4e791e53, org.springframework.boot.test.autoconfigure.web.client.MockRestServiceServerResetTestExecutionListener@2d4e6bb2, org.springframework.boot.test.autoconfigure.web.servlet.MockMvcPrintOnlyOnFailureTestExecutionListener@13453610, org.springframework.boot.test.autoconfigure.web.servlet.WebDriverTestExecutionListener@62fee9c3, org.springframework.boot.test.autoconfigure.webservices.client.MockWebServiceServerTestExecutionListener@64f3f849, org.springframework.boot.test.mock.mockito.ResetMocksTestExecutionListener@3abe1c9e]
2022-10-22 21:00:20.138  INFO 37268 --- [    Test worker] o.s.t.c.transaction.TransactionContext   : Began transaction (1) for test context [DefaultTestContext@15d41953 testClass = MemberRepositoryTest, testInstance = com.dhgroup.beta.repository.MemberRepositoryTest@6e1e9a10, testMethod = 카카오아이디로_멤버찾아오기@MemberRepositoryTest, testException = [null], mergedContextConfiguration = [MergedContextConfiguration@248e31a1 testClass = MemberRepositoryTest, locations = '{}', classes = '{class com.dhgroup.beta.BetaApplication}', contextInitializerClasses = '[]', activeProfiles = '{}', propertySourceLocations = '{}', propertySourceProperties = '{org.springframework.boot.test.autoconfigure.orm.jpa.DataJpaTestContextBootstrapper=true}', contextCustomizers = set[org.springframework.boot.test.autoconfigure.OverrideAutoConfigurationContextCustomizerFactory$DisableAutoConfigurationContextCustomizer@34db5935, org.springframework.boot.test.autoconfigure.actuate.metrics.MetricsExportContextCustomizerFactory$DisableMetricExportContextCustomizer@5241cf67, org.springframework.boot.test.autoconfigure.filter.TypeExcludeFiltersContextCustomizer@351584c0, org.springframework.boot.test.autoconfigure.properties.PropertyMappingContextCustomizer@ce25cb12, org.springframework.boot.test.autoconfigure.web.servlet.WebDriverContextCustomizerFactory$Customizer@5f2f577, [ImportsContextCustomizer@2eb6a77f key = [org.springframework.boot.autoconfigure.cache.CacheAutoConfiguration, org.springframework.boot.autoconfigure.data.jpa.JpaRepositoriesAutoConfiguration, org.springframework.boot.autoconfigure.flyway.FlywayAutoConfiguration, org.springframework.boot.autoconfigure.jdbc.DataSourceAutoConfiguration, org.springframework.boot.autoconfigure.jdbc.DataSourceTransactionManagerAutoConfiguration, org.springframework.boot.autoconfigure.jdbc.JdbcTemplateAutoConfiguration, org.springframework.boot.autoconfigure.liquibase.LiquibaseAutoConfiguration, org.springframework.boot.autoconfigure.orm.jpa.HibernateJpaAutoConfiguration, org.springframework.boot.autoconfigure.sql.init.SqlInitializationAutoConfiguration, org.springframework.boot.autoconfigure.transaction.TransactionAutoConfiguration, com.github.gavlyukovskiy.boot.jdbc.decorator.DataSourceDecoratorAutoConfiguration, org.springframework.boot.test.autoconfigure.jdbc.TestDatabaseAutoConfiguration, org.springframework.boot.test.autoconfigure.orm.jpa.TestEntityManagerAutoConfiguration]], org.springframework.boot.test.context.filter.ExcludeFilterContextCustomizer@53e211ee, org.springframework.boot.test.json.DuplicateJsonObjectContextCustomizerFactory$DuplicateJsonObjectContextCustomizer@18a3962d, org.springframework.boot.test.mock.mockito.MockitoContextCustomizer@0, org.springframework.boot.test.context.SpringBootTestArgs@1, org.springframework.boot.test.context.SpringBootTestWebEnvironment@0], contextLoader = 'org.springframework.boot.test.context.SpringBootContextLoader', parent = [null]], attributes = map['org.springframework.test.context.event.ApplicationEventsTestExecutionListener.recordApplicationEvents' -> false]]; transaction manager [org.springframework.orm.jpa.JpaTransactionManager@6d7c8a2]; rollback [true]
2022-10-22 21:00:20.145 DEBUG 37268 --- [    Test worker] org.hibernate.SQL                        : insert into member (created_date, modified_date, nickname, provider, role, user_tag, auth_id, dtype) values (?, ?, ?, ?, ?, ?, ?, 'K')
Hibernate: insert into member (created_date, modified_date, nickname, provider, role, user_tag, auth_id, dtype) values (?, ?, ?, ?, ?, ?, ?, 'K')
2022-10-22 21:00:20.146  INFO 37268 --- [    Test worker] p6spy                                    : #1666440020146 | took 0ms | statement | connection 12| url jdbc:h2:mem:testdb
insert into member (created_date, modified_date, nickname, provider, role, user_tag, auth_id, dtype) values (?, ?, ?, ?, ?, ?, ?, 'K')
insert into member (created_date, modified_date, nickname, provider, role, user_tag, auth_id, dtype) values ('2022-10-22T21:00:20.144+0900', '2022-10-22T21:00:20.144+0900', 'nickname', 'KAKAO', NULL, '#0001', '1', 'K');
2022-10-22 21:00:20.149 DEBUG 37268 --- [    Test worker] org.hibernate.SQL                        : select member0_.member_id as member_i2_2_, member0_.created_date as created_3_2_, member0_.modified_date as modified4_2_, member0_.nickname as nickname5_2_, member0_.provider as provider6_2_, member0_.role as role7_2_, member0_.user_tag as user_tag8_2_, member0_.member_name as member_n9_2_, member0_.password as passwor10_2_, member0_.auth_id as auth_id11_2_, member0_.dtype as dtype1_2_ from member member0_ where member0_.auth_id=? and member0_.provider=?
Hibernate: select member0_.member_id as member_i2_2_, member0_.created_date as created_3_2_, member0_.modified_date as modified4_2_, member0_.nickname as nickname5_2_, member0_.provider as provider6_2_, member0_.role as role7_2_, member0_.user_tag as user_tag8_2_, member0_.member_name as member_n9_2_, member0_.password as passwor10_2_, member0_.auth_id as auth_id11_2_, member0_.dtype as dtype1_2_ from member member0_ where member0_.auth_id=? and member0_.provider=?
2022-10-22 21:00:20.151  INFO 37268 --- [    Test worker] p6spy                                    : #1666440020151 | took 0ms | statement | connection 12| url jdbc:h2:mem:testdb
select member0_.member_id as member_i2_2_, member0_.created_date as created_3_2_, member0_.modified_date as modified4_2_, member0_.nickname as nickname5_2_, member0_.provider as provider6_2_, member0_.role as role7_2_, member0_.user_tag as user_tag8_2_, member0_.member_name as member_n9_2_, member0_.password as passwor10_2_, member0_.auth_id as auth_id11_2_, member0_.dtype as dtype1_2_ from member member0_ where member0_.auth_id=? and member0_.provider=?
select member0_.member_id as member_i2_2_, member0_.created_date as created_3_2_, member0_.modified_date as modified4_2_, member0_.nickname as nickname5_2_, member0_.provider as provider6_2_, member0_.role as role7_2_, member0_.user_tag as user_tag8_2_, member0_.member_name as member_n9_2_, member0_.password as passwor10_2_, member0_.auth_id as auth_id11_2_, member0_.dtype as dtype1_2_ from member member0_ where member0_.auth_id='1' and member0_.provider='KAKAO';
2022-10-22 21:00:20.162  INFO 37268 --- [    Test worker] p6spy                                    : #1666440020162 | took 0ms | rollback | connection 12| url jdbc:h2:mem:testdb

;
2022-10-22 21:00:20.163  INFO 37268 --- [    Test worker] o.s.t.c.transaction.TransactionContext   : Rolled back transaction for test: [DefaultTestContext@15d41953 testClass = MemberRepositoryTest, testInstance = com.dhgroup.beta.repository.MemberRepositoryTest@6e1e9a10, testMethod = 카카오아이디로_멤버찾아오기@MemberRepositoryTest, testException = [null], mergedContextConfiguration = [MergedContextConfiguration@248e31a1 testClass = MemberRepositoryTest, locations = '{}', classes = '{class com.dhgroup.beta.BetaApplication}', contextInitializerClasses = '[]', activeProfiles = '{}', propertySourceLocations = '{}', propertySourceProperties = '{org.springframework.boot.test.autoconfigure.orm.jpa.DataJpaTestContextBootstrapper=true}', contextCustomizers = set[org.springframework.boot.test.autoconfigure.OverrideAutoConfigurationContextCustomizerFactory$DisableAutoConfigurationContextCustomizer@34db5935, org.springframework.boot.test.autoconfigure.actuate.metrics.MetricsExportContextCustomizerFactory$DisableMetricExportContextCustomizer@5241cf67, org.springframework.boot.test.autoconfigure.filter.TypeExcludeFiltersContextCustomizer@351584c0, org.springframework.boot.test.autoconfigure.properties.PropertyMappingContextCustomizer@ce25cb12, org.springframework.boot.test.autoconfigure.web.servlet.WebDriverContextCustomizerFactory$Customizer@5f2f577, [ImportsContextCustomizer@2eb6a77f key = [org.springframework.boot.autoconfigure.cache.CacheAutoConfiguration, org.springframework.boot.autoconfigure.data.jpa.JpaRepositoriesAutoConfiguration, org.springframework.boot.autoconfigure.flyway.FlywayAutoConfiguration, org.springframework.boot.autoconfigure.jdbc.DataSourceAutoConfiguration, org.springframework.boot.autoconfigure.jdbc.DataSourceTransactionManagerAutoConfiguration, org.springframework.boot.autoconfigure.jdbc.JdbcTemplateAutoConfiguration, org.springframework.boot.autoconfigure.liquibase.LiquibaseAutoConfiguration, org.springframework.boot.autoconfigure.orm.jpa.HibernateJpaAutoConfiguration, org.springframework.boot.autoconfigure.sql.init.SqlInitializationAutoConfiguration, org.springframework.boot.autoconfigure.transaction.TransactionAutoConfiguration, com.github.gavlyukovskiy.boot.jdbc.decorator.DataSourceDecoratorAutoConfiguration, org.springframework.boot.test.autoconfigure.jdbc.TestDatabaseAutoConfiguration, org.springframework.boot.test.autoconfigure.orm.jpa.TestEntityManagerAutoConfiguration]], org.springframework.boot.test.context.filter.ExcludeFilterContextCustomizer@53e211ee, org.springframework.boot.test.json.DuplicateJsonObjectContextCustomizerFactory$DuplicateJsonObjectContextCustomizer@18a3962d, org.springframework.boot.test.mock.mockito.MockitoContextCustomizer@0, org.springframework.boot.test.context.SpringBootTestArgs@1, org.springframework.boot.test.context.SpringBootTestWebEnvironment@0], contextLoader = 'org.springframework.boot.test.context.SpringBootContextLoader', parent = [null]], attributes = map['org.springframework.test.context.event.ApplicationEventsTestExecutionListener.recordApplicationEvents' -> false]]
2022-10-22 21:00:20.170  INFO 37268 --- [    Test worker] o.s.t.c.transaction.TransactionContext   : Began transaction (1) for test context [DefaultTestContext@15d41953 testClass = MemberRepositoryTest, testInstance = com.dhgroup.beta.repository.MemberRepositoryTest@7b01f056, testMethod = 아이디로_유저찾기@MemberRepositoryTest, testException = [null], mergedContextConfiguration = [MergedContextConfiguration@248e31a1 testClass = MemberRepositoryTest, locations = '{}', classes = '{class com.dhgroup.beta.BetaApplication}', contextInitializerClasses = '[]', activeProfiles = '{}', propertySourceLocations = '{}', propertySourceProperties = '{org.springframework.boot.test.autoconfigure.orm.jpa.DataJpaTestContextBootstrapper=true}', contextCustomizers = set[org.springframework.boot.test.autoconfigure.OverrideAutoConfigurationContextCustomizerFactory$DisableAutoConfigurationContextCustomizer@34db5935, org.springframework.boot.test.autoconfigure.actuate.metrics.MetricsExportContextCustomizerFactory$DisableMetricExportContextCustomizer@5241cf67, org.springframework.boot.test.autoconfigure.filter.TypeExcludeFiltersContextCustomizer@351584c0, org.springframework.boot.test.autoconfigure.properties.PropertyMappingContextCustomizer@ce25cb12, org.springframework.boot.test.autoconfigure.web.servlet.WebDriverContextCustomizerFactory$Customizer@5f2f577, [ImportsContextCustomizer@2eb6a77f key = [org.springframework.boot.autoconfigure.cache.CacheAutoConfiguration, org.springframework.boot.autoconfigure.data.jpa.JpaRepositoriesAutoConfiguration, org.springframework.boot.autoconfigure.flyway.FlywayAutoConfiguration, org.springframework.boot.autoconfigure.jdbc.DataSourceAutoConfiguration, org.springframework.boot.autoconfigure.jdbc.DataSourceTransactionManagerAutoConfiguration, org.springframework.boot.autoconfigure.jdbc.JdbcTemplateAutoConfiguration, org.springframework.boot.autoconfigure.liquibase.LiquibaseAutoConfiguration, org.springframework.boot.autoconfigure.orm.jpa.HibernateJpaAutoConfiguration, org.springframework.boot.autoconfigure.sql.init.SqlInitializationAutoConfiguration, org.springframework.boot.autoconfigure.transaction.TransactionAutoConfiguration, com.github.gavlyukovskiy.boot.jdbc.decorator.DataSourceDecoratorAutoConfiguration, org.springframework.boot.test.autoconfigure.jdbc.TestDatabaseAutoConfiguration, org.springframework.boot.test.autoconfigure.orm.jpa.TestEntityManagerAutoConfiguration]], org.springframework.boot.test.context.filter.ExcludeFilterContextCustomizer@53e211ee, org.springframework.boot.test.json.DuplicateJsonObjectContextCustomizerFactory$DuplicateJsonObjectContextCustomizer@18a3962d, org.springframework.boot.test.mock.mockito.MockitoContextCustomizer@0, org.springframework.boot.test.context.SpringBootTestArgs@1, org.springframework.boot.test.context.SpringBootTestWebEnvironment@0], contextLoader = 'org.springframework.boot.test.context.SpringBootContextLoader', parent = [null]], attributes = map['org.springframework.test.context.event.ApplicationEventsTestExecutionListener.recordApplicationEvents' -> false]]; transaction manager [org.springframework.orm.jpa.JpaTransactionManager@6d7c8a2]; rollback [true]
2022-10-22 21:00:20.197 DEBUG 37268 --- [    Test worker] org.hibernate.SQL                        : insert into member (created_date, modified_date, nickname, provider, role, user_tag, member_name, password, dtype) values (?, ?, ?, ?, ?, ?, ?, ?, 'B')
Hibernate: insert into member (created_date, modified_date, nickname, provider, role, user_tag, member_name, password, dtype) values (?, ?, ?, ?, ?, ?, ?, ?, 'B')
2022-10-22 21:00:20.199  INFO 37268 --- [    Test worker] p6spy                                    : #1666440020199 | took 0ms | statement | connection 13| url jdbc:h2:mem:testdb
insert into member (created_date, modified_date, nickname, provider, role, user_tag, member_name, password, dtype) values (?, ?, ?, ?, ?, ?, ?, ?, 'B')
insert into member (created_date, modified_date, nickname, provider, role, user_tag, member_name, password, dtype) values ('2022-10-22T21:00:20.188+0900', '2022-10-22T21:00:20.188+0900', 'nickname', 'BASIC', NULL, '#0001', 'id', '1234', 'B');
2022-10-22 21:00:20.205 DEBUG 37268 --- [    Test worker] org.hibernate.SQL                        : select basicmembe0_.member_id as member_i2_2_, basicmembe0_.created_date as created_3_2_, basicmembe0_.modified_date as modified4_2_, basicmembe0_.nickname as nickname5_2_, basicmembe0_.provider as provider6_2_, basicmembe0_.role as role7_2_, basicmembe0_.user_tag as user_tag8_2_, basicmembe0_.member_name as member_n9_2_, basicmembe0_.password as passwor10_2_ from member basicmembe0_ where basicmembe0_.dtype='B' and basicmembe0_.member_name=?
Hibernate: select basicmembe0_.member_id as member_i2_2_, basicmembe0_.created_date as created_3_2_, basicmembe0_.modified_date as modified4_2_, basicmembe0_.nickname as nickname5_2_, basicmembe0_.provider as provider6_2_, basicmembe0_.role as role7_2_, basicmembe0_.user_tag as user_tag8_2_, basicmembe0_.member_name as member_n9_2_, basicmembe0_.password as passwor10_2_ from member basicmembe0_ where basicmembe0_.dtype='B' and basicmembe0_.member_name=?
2022-10-22 21:00:20.206  INFO 37268 --- [    Test worker] p6spy                                    : #1666440020206 | took 0ms | statement | connection 13| url jdbc:h2:mem:testdb
select basicmembe0_.member_id as member_i2_2_, basicmembe0_.created_date as created_3_2_, basicmembe0_.modified_date as modified4_2_, basicmembe0_.nickname as nickname5_2_, basicmembe0_.provider as provider6_2_, basicmembe0_.role as role7_2_, basicmembe0_.user_tag as user_tag8_2_, basicmembe0_.member_name as member_n9_2_, basicmembe0_.password as passwor10_2_ from member basicmembe0_ where basicmembe0_.dtype='B' and basicmembe0_.member_name=?
select basicmembe0_.member_id as member_i2_2_, basicmembe0_.created_date as created_3_2_, basicmembe0_.modified_date as modified4_2_, basicmembe0_.nickname as nickname5_2_, basicmembe0_.provider as provider6_2_, basicmembe0_.role as role7_2_, basicmembe0_.user_tag as user_tag8_2_, basicmembe0_.member_name as member_n9_2_, basicmembe0_.password as passwor10_2_ from member basicmembe0_ where basicmembe0_.dtype='B' and basicmembe0_.member_name='id';
2022-10-22 21:00:20.221  INFO 37268 --- [    Test worker] p6spy                                    : #1666440020221 | took 0ms | rollback | connection 13| url jdbc:h2:mem:testdb

;
2022-10-22 21:00:20.222  INFO 37268 --- [    Test worker] o.s.t.c.transaction.TransactionContext   : Rolled back transaction for test: [DefaultTestContext@15d41953 testClass = MemberRepositoryTest, testInstance = com.dhgroup.beta.repository.MemberRepositoryTest@7b01f056, testMethod = 아이디로_유저찾기@MemberRepositoryTest, testException = [null], mergedContextConfiguration = [MergedContextConfiguration@248e31a1 testClass = MemberRepositoryTest, locations = '{}', classes = '{class com.dhgroup.beta.BetaApplication}', contextInitializerClasses = '[]', activeProfiles = '{}', propertySourceLocations = '{}', propertySourceProperties = '{org.springframework.boot.test.autoconfigure.orm.jpa.DataJpaTestContextBootstrapper=true}', contextCustomizers = set[org.springframework.boot.test.autoconfigure.OverrideAutoConfigurationContextCustomizerFactory$DisableAutoConfigurationContextCustomizer@34db5935, org.springframework.boot.test.autoconfigure.actuate.metrics.MetricsExportContextCustomizerFactory$DisableMetricExportContextCustomizer@5241cf67, org.springframework.boot.test.autoconfigure.filter.TypeExcludeFiltersContextCustomizer@351584c0, org.springframework.boot.test.autoconfigure.properties.PropertyMappingContextCustomizer@ce25cb12, org.springframework.boot.test.autoconfigure.web.servlet.WebDriverContextCustomizerFactory$Customizer@5f2f577, [ImportsContextCustomizer@2eb6a77f key = [org.springframework.boot.autoconfigure.cache.CacheAutoConfiguration, org.springframework.boot.autoconfigure.data.jpa.JpaRepositoriesAutoConfiguration, org.springframework.boot.autoconfigure.flyway.FlywayAutoConfiguration, org.springframework.boot.autoconfigure.jdbc.DataSourceAutoConfiguration, org.springframework.boot.autoconfigure.jdbc.DataSourceTransactionManagerAutoConfiguration, org.springframework.boot.autoconfigure.jdbc.JdbcTemplateAutoConfiguration, org.springframework.boot.autoconfigure.liquibase.LiquibaseAutoConfiguration, org.springframework.boot.autoconfigure.orm.jpa.HibernateJpaAutoConfiguration, org.springframework.boot.autoconfigure.sql.init.SqlInitializationAutoConfiguration, org.springframework.boot.autoconfigure.transaction.TransactionAutoConfiguration, com.github.gavlyukovskiy.boot.jdbc.decorator.DataSourceDecoratorAutoConfiguration, org.springframework.boot.test.autoconfigure.jdbc.TestDatabaseAutoConfiguration, org.springframework.boot.test.autoconfigure.orm.jpa.TestEntityManagerAutoConfiguration]], org.springframework.boot.test.context.filter.ExcludeFilterContextCustomizer@53e211ee, org.springframework.boot.test.json.DuplicateJsonObjectContextCustomizerFactory$DuplicateJsonObjectContextCustomizer@18a3962d, org.springframework.boot.test.mock.mockito.MockitoContextCustomizer@0, org.springframework.boot.test.context.SpringBootTestArgs@1, org.springframework.boot.test.context.SpringBootTestWebEnvironment@0], contextLoader = 'org.springframework.boot.test.context.SpringBootContextLoader', parent = [null]], attributes = map['org.springframework.test.context.event.ApplicationEventsTestExecutionListener.recordApplicationEvents' -> false]]
2022-10-22 21:00:20.227  INFO 37268 --- [    Test worker] o.s.t.c.transaction.TransactionContext   : Began transaction (1) for test context [DefaultTestContext@15d41953 testClass = MemberRepositoryTest, testInstance = com.dhgroup.beta.repository.MemberRepositoryTest@799bb4ed, testMethod = 닉네임_중복@MemberRepositoryTest, testException = [null], mergedContextConfiguration = [MergedContextConfiguration@248e31a1 testClass = MemberRepositoryTest, locations = '{}', classes = '{class com.dhgroup.beta.BetaApplication}', contextInitializerClasses = '[]', activeProfiles = '{}', propertySourceLocations = '{}', propertySourceProperties = '{org.springframework.boot.test.autoconfigure.orm.jpa.DataJpaTestContextBootstrapper=true}', contextCustomizers = set[org.springframework.boot.test.autoconfigure.OverrideAutoConfigurationContextCustomizerFactory$DisableAutoConfigurationContextCustomizer@34db5935, org.springframework.boot.test.autoconfigure.actuate.metrics.MetricsExportContextCustomizerFactory$DisableMetricExportContextCustomizer@5241cf67, org.springframework.boot.test.autoconfigure.filter.TypeExcludeFiltersContextCustomizer@351584c0, org.springframework.boot.test.autoconfigure.properties.PropertyMappingContextCustomizer@ce25cb12, org.springframework.boot.test.autoconfigure.web.servlet.WebDriverContextCustomizerFactory$Customizer@5f2f577, [ImportsContextCustomizer@2eb6a77f key = [org.springframework.boot.autoconfigure.cache.CacheAutoConfiguration, org.springframework.boot.autoconfigure.data.jpa.JpaRepositoriesAutoConfiguration, org.springframework.boot.autoconfigure.flyway.FlywayAutoConfiguration, org.springframework.boot.autoconfigure.jdbc.DataSourceAutoConfiguration, org.springframework.boot.autoconfigure.jdbc.DataSourceTransactionManagerAutoConfiguration, org.springframework.boot.autoconfigure.jdbc.JdbcTemplateAutoConfiguration, org.springframework.boot.autoconfigure.liquibase.LiquibaseAutoConfiguration, org.springframework.boot.autoconfigure.orm.jpa.HibernateJpaAutoConfiguration, org.springframework.boot.autoconfigure.sql.init.SqlInitializationAutoConfiguration, org.springframework.boot.autoconfigure.transaction.TransactionAutoConfiguration, com.github.gavlyukovskiy.boot.jdbc.decorator.DataSourceDecoratorAutoConfiguration, org.springframework.boot.test.autoconfigure.jdbc.TestDatabaseAutoConfiguration, org.springframework.boot.test.autoconfigure.orm.jpa.TestEntityManagerAutoConfiguration]], org.springframework.boot.test.context.filter.ExcludeFilterContextCustomizer@53e211ee, org.springframework.boot.test.json.DuplicateJsonObjectContextCustomizerFactory$DuplicateJsonObjectContextCustomizer@18a3962d, org.springframework.boot.test.mock.mockito.MockitoContextCustomizer@0, org.springframework.boot.test.context.SpringBootTestArgs@1, org.springframework.boot.test.context.SpringBootTestWebEnvironment@0], contextLoader = 'org.springframework.boot.test.context.SpringBootContextLoader', parent = [null]], attributes = map['org.springframework.test.context.event.ApplicationEventsTestExecutionListener.recordApplicationEvents' -> false]]; transaction manager [org.springframework.orm.jpa.JpaTransactionManager@6d7c8a2]; rollback [true]
2022-10-22 21:00:20.232 DEBUG 37268 --- [    Test worker] org.hibernate.SQL                        : insert into member (created_date, modified_date, nickname, provider, role, user_tag, auth_id, dtype) values (?, ?, ?, ?, ?, ?, ?, 'K')
Hibernate: insert into member (created_date, modified_date, nickname, provider, role, user_tag, auth_id, dtype) values (?, ?, ?, ?, ?, ?, ?, 'K')
2022-10-22 21:00:20.234  INFO 37268 --- [    Test worker] p6spy                                    : #1666440020234 | took 0ms | statement | connection 14| url jdbc:h2:mem:testdb
insert into member (created_date, modified_date, nickname, provider, role, user_tag, auth_id, dtype) values (?, ?, ?, ?, ?, ?, ?, 'K')
insert into member (created_date, modified_date, nickname, provider, role, user_tag, auth_id, dtype) values ('2022-10-22T21:00:20.231+0900', '2022-10-22T21:00:20.231+0900', 'nickname', 'KAKAO', NULL, '#0001', '1', 'K');
2022-10-22 21:00:20.237 DEBUG 37268 --- [    Test worker] org.hibernate.SQL                        : insert into member (created_date, modified_date, nickname, provider, role, user_tag, auth_id, dtype) values (?, ?, ?, ?, ?, ?, ?, 'K')
Hibernate: insert into member (created_date, modified_date, nickname, provider, role, user_tag, auth_id, dtype) values (?, ?, ?, ?, ?, ?, ?, 'K')
2022-10-22 21:00:20.238  INFO 37268 --- [    Test worker] p6spy                                    : #1666440020238 | took 0ms | statement | connection 14| url jdbc:h2:mem:testdb
insert into member (created_date, modified_date, nickname, provider, role, user_tag, auth_id, dtype) values (?, ?, ?, ?, ?, ?, ?, 'K')
insert into member (created_date, modified_date, nickname, provider, role, user_tag, auth_id, dtype) values ('2022-10-22T21:00:20.237+0900', '2022-10-22T21:00:20.237+0900', 'nickname', 'KAKAO', NULL, '#0001', '2', 'K');
2022-10-22 21:00:20.238  WARN 37268 --- [    Test worker] o.h.engine.jdbc.spi.SqlExceptionHelper   : SQL Error: 23505, SQLState: 23505
2022-10-22 21:00:20.239 ERROR 37268 --- [    Test worker] o.h.engine.jdbc.spi.SqlExceptionHelper   : Unique index or primary key violation: "PUBLIC.UK_d09ytsqqrwhtq0qlvrku2cgjm_INDEX_B ON PUBLIC.member(user_tag) VALUES 10"; SQL statement:
insert into member (created_date, modified_date, nickname, provider, role, user_tag, auth_id, dtype) values (?, ?, ?, ?, ?, ?, ?, 'K') [23505-200]
2022-10-22 21:00:20.246  INFO 37268 --- [    Test worker] p6spy                                    : #1666440020246 | took 0ms | rollback | connection 14| url jdbc:h2:mem:testdb

;
2022-10-22 21:00:20.247  INFO 37268 --- [    Test worker] o.s.t.c.transaction.TransactionContext   : Rolled back transaction for test: [DefaultTestContext@15d41953 testClass = MemberRepositoryTest, testInstance = com.dhgroup.beta.repository.MemberRepositoryTest@799bb4ed, testMethod = 닉네임_중복@MemberRepositoryTest, testException = [null], mergedContextConfiguration = [MergedContextConfiguration@248e31a1 testClass = MemberRepositoryTest, locations = '{}', classes = '{class com.dhgroup.beta.BetaApplication}', contextInitializerClasses = '[]', activeProfiles = '{}', propertySourceLocations = '{}', propertySourceProperties = '{org.springframework.boot.test.autoconfigure.orm.jpa.DataJpaTestContextBootstrapper=true}', contextCustomizers = set[org.springframework.boot.test.autoconfigure.OverrideAutoConfigurationContextCustomizerFactory$DisableAutoConfigurationContextCustomizer@34db5935, org.springframework.boot.test.autoconfigure.actuate.metrics.MetricsExportContextCustomizerFactory$DisableMetricExportContextCustomizer@5241cf67, org.springframework.boot.test.autoconfigure.filter.TypeExcludeFiltersContextCustomizer@351584c0, org.springframework.boot.test.autoconfigure.properties.PropertyMappingContextCustomizer@ce25cb12, org.springframework.boot.test.autoconfigure.web.servlet.WebDriverContextCustomizerFactory$Customizer@5f2f577, [ImportsContextCustomizer@2eb6a77f key = [org.springframework.boot.autoconfigure.cache.CacheAutoConfiguration, org.springframework.boot.autoconfigure.data.jpa.JpaRepositoriesAutoConfiguration, org.springframework.boot.autoconfigure.flyway.FlywayAutoConfiguration, org.springframework.boot.autoconfigure.jdbc.DataSourceAutoConfiguration, org.springframework.boot.autoconfigure.jdbc.DataSourceTransactionManagerAutoConfiguration, org.springframework.boot.autoconfigure.jdbc.JdbcTemplateAutoConfiguration, org.springframework.boot.autoconfigure.liquibase.LiquibaseAutoConfiguration, org.springframework.boot.autoconfigure.orm.jpa.HibernateJpaAutoConfiguration, org.springframework.boot.autoconfigure.sql.init.SqlInitializationAutoConfiguration, org.springframework.boot.autoconfigure.transaction.TransactionAutoConfiguration, com.github.gavlyukovskiy.boot.jdbc.decorator.DataSourceDecoratorAutoConfiguration, org.springframework.boot.test.autoconfigure.jdbc.TestDatabaseAutoConfiguration, org.springframework.boot.test.autoconfigure.orm.jpa.TestEntityManagerAutoConfiguration]], org.springframework.boot.test.context.filter.ExcludeFilterContextCustomizer@53e211ee, org.springframework.boot.test.json.DuplicateJsonObjectContextCustomizerFactory$DuplicateJsonObjectContextCustomizer@18a3962d, org.springframework.boot.test.mock.mockito.MockitoContextCustomizer@0, org.springframework.boot.test.context.SpringBootTestArgs@1, org.springframework.boot.test.context.SpringBootTestWebEnvironment@0], contextLoader = 'org.springframework.boot.test.context.SpringBootContextLoader', parent = [null]], attributes = map['org.springframework.test.context.event.ApplicationEventsTestExecutionListener.recordApplicationEvents' -> false]]
2022-10-22 21:00:20.250  INFO 37268 --- [    Test worker] o.s.t.c.transaction.TransactionContext   : Began transaction (1) for test context [DefaultTestContext@15d41953 testClass = MemberRepositoryTest, testInstance = com.dhgroup.beta.repository.MemberRepositoryTest@510c6b9, testMethod = 닉네임중복체크@MemberRepositoryTest, testException = [null], mergedContextConfiguration = [MergedContextConfiguration@248e31a1 testClass = MemberRepositoryTest, locations = '{}', classes = '{class com.dhgroup.beta.BetaApplication}', contextInitializerClasses = '[]', activeProfiles = '{}', propertySourceLocations = '{}', propertySourceProperties = '{org.springframework.boot.test.autoconfigure.orm.jpa.DataJpaTestContextBootstrapper=true}', contextCustomizers = set[org.springframework.boot.test.autoconfigure.OverrideAutoConfigurationContextCustomizerFactory$DisableAutoConfigurationContextCustomizer@34db5935, org.springframework.boot.test.autoconfigure.actuate.metrics.MetricsExportContextCustomizerFactory$DisableMetricExportContextCustomizer@5241cf67, org.springframework.boot.test.autoconfigure.filter.TypeExcludeFiltersContextCustomizer@351584c0, org.springframework.boot.test.autoconfigure.properties.PropertyMappingContextCustomizer@ce25cb12, org.springframework.boot.test.autoconfigure.web.servlet.WebDriverContextCustomizerFactory$Customizer@5f2f577, [ImportsContextCustomizer@2eb6a77f key = [org.springframework.boot.autoconfigure.cache.CacheAutoConfiguration, org.springframework.boot.autoconfigure.data.jpa.JpaRepositoriesAutoConfiguration, org.springframework.boot.autoconfigure.flyway.FlywayAutoConfiguration, org.springframework.boot.autoconfigure.jdbc.DataSourceAutoConfiguration, org.springframework.boot.autoconfigure.jdbc.DataSourceTransactionManagerAutoConfiguration, org.springframework.boot.autoconfigure.jdbc.JdbcTemplateAutoConfiguration, org.springframework.boot.autoconfigure.liquibase.LiquibaseAutoConfiguration, org.springframework.boot.autoconfigure.orm.jpa.HibernateJpaAutoConfiguration, org.springframework.boot.autoconfigure.sql.init.SqlInitializationAutoConfiguration, org.springframework.boot.autoconfigure.transaction.TransactionAutoConfiguration, com.github.gavlyukovskiy.boot.jdbc.decorator.DataSourceDecoratorAutoConfiguration, org.springframework.boot.test.autoconfigure.jdbc.TestDatabaseAutoConfiguration, org.springframework.boot.test.autoconfigure.orm.jpa.TestEntityManagerAutoConfiguration]], org.springframework.boot.test.context.filter.ExcludeFilterContextCustomizer@53e211ee, org.springframework.boot.test.json.DuplicateJsonObjectContextCustomizerFactory$DuplicateJsonObjectContextCustomizer@18a3962d, org.springframework.boot.test.mock.mockito.MockitoContextCustomizer@0, org.springframework.boot.test.context.SpringBootTestArgs@1, org.springframework.boot.test.context.SpringBootTestWebEnvironment@0], contextLoader = 'org.springframework.boot.test.context.SpringBootContextLoader', parent = [null]], attributes = map['org.springframework.test.context.event.ApplicationEventsTestExecutionListener.recordApplicationEvents' -> false]]; transaction manager [org.springframework.orm.jpa.JpaTransactionManager@6d7c8a2]; rollback [true]
2022-10-22 21:00:20.254 DEBUG 37268 --- [    Test worker] org.hibernate.SQL                        : insert into member (created_date, modified_date, nickname, provider, role, user_tag, auth_id, dtype) values (?, ?, ?, ?, ?, ?, ?, 'K')
Hibernate: insert into member (created_date, modified_date, nickname, provider, role, user_tag, auth_id, dtype) values (?, ?, ?, ?, ?, ?, ?, 'K')
2022-10-22 21:00:20.256  INFO 37268 --- [    Test worker] p6spy                                    : #1666440020256 | took 0ms | statement | connection 15| url jdbc:h2:mem:testdb
insert into member (created_date, modified_date, nickname, provider, role, user_tag, auth_id, dtype) values (?, ?, ?, ?, ?, ?, ?, 'K')
insert into member (created_date, modified_date, nickname, provider, role, user_tag, auth_id, dtype) values ('2022-10-22T21:00:20.254+0900', '2022-10-22T21:00:20.254+0900', 'nickname', 'KAKAO', NULL, '#0001', '1', 'K');
2022-10-22 21:00:20.260 DEBUG 37268 --- [    Test worker] org.hibernate.SQL                        : select member0_.member_id as col_0_0_ from member member0_ where member0_.nickname=? limit ?
Hibernate: select member0_.member_id as col_0_0_ from member member0_ where member0_.nickname=? limit ?
2022-10-22 21:00:20.260  INFO 37268 --- [    Test worker] p6spy                                    : #1666440020260 | took 0ms | statement | connection 15| url jdbc:h2:mem:testdb
select member0_.member_id as col_0_0_ from member member0_ where member0_.nickname=? limit ?
select member0_.member_id as col_0_0_ from member member0_ where member0_.nickname='nickname' limit 1;
2022-10-22 21:00:20.265  INFO 37268 --- [    Test worker] p6spy                                    : #1666440020265 | took 0ms | rollback | connection 15| url jdbc:h2:mem:testdb

;
2022-10-22 21:00:20.266  INFO 37268 --- [    Test worker] o.s.t.c.transaction.TransactionContext   : Rolled back transaction for test: [DefaultTestContext@15d41953 testClass = MemberRepositoryTest, testInstance = com.dhgroup.beta.repository.MemberRepositoryTest@510c6b9, testMethod = 닉네임중복체크@MemberRepositoryTest, testException = [null], mergedContextConfiguration = [MergedContextConfiguration@248e31a1 testClass = MemberRepositoryTest, locations = '{}', classes = '{class com.dhgroup.beta.BetaApplication}', contextInitializerClasses = '[]', activeProfiles = '{}', propertySourceLocations = '{}', propertySourceProperties = '{org.springframework.boot.test.autoconfigure.orm.jpa.DataJpaTestContextBootstrapper=true}', contextCustomizers = set[org.springframework.boot.test.autoconfigure.OverrideAutoConfigurationContextCustomizerFactory$DisableAutoConfigurationContextCustomizer@34db5935, org.springframework.boot.test.autoconfigure.actuate.metrics.MetricsExportContextCustomizerFactory$DisableMetricExportContextCustomizer@5241cf67, org.springframework.boot.test.autoconfigure.filter.TypeExcludeFiltersContextCustomizer@351584c0, org.springframework.boot.test.autoconfigure.properties.PropertyMappingContextCustomizer@ce25cb12, org.springframework.boot.test.autoconfigure.web.servlet.WebDriverContextCustomizerFactory$Customizer@5f2f577, [ImportsContextCustomizer@2eb6a77f key = [org.springframework.boot.autoconfigure.cache.CacheAutoConfiguration, org.springframework.boot.autoconfigure.data.jpa.JpaRepositoriesAutoConfiguration, org.springframework.boot.autoconfigure.flyway.FlywayAutoConfiguration, org.springframework.boot.autoconfigure.jdbc.DataSourceAutoConfiguration, org.springframework.boot.autoconfigure.jdbc.DataSourceTransactionManagerAutoConfiguration, org.springframework.boot.autoconfigure.jdbc.JdbcTemplateAutoConfiguration, org.springframework.boot.autoconfigure.liquibase.LiquibaseAutoConfiguration, org.springframework.boot.autoconfigure.orm.jpa.HibernateJpaAutoConfiguration, org.springframework.boot.autoconfigure.sql.init.SqlInitializationAutoConfiguration, org.springframework.boot.autoconfigure.transaction.TransactionAutoConfiguration, com.github.gavlyukovskiy.boot.jdbc.decorator.DataSourceDecoratorAutoConfiguration, org.springframework.boot.test.autoconfigure.jdbc.TestDatabaseAutoConfiguration, org.springframework.boot.test.autoconfigure.orm.jpa.TestEntityManagerAutoConfiguration]], org.springframework.boot.test.context.filter.ExcludeFilterContextCustomizer@53e211ee, org.springframework.boot.test.json.DuplicateJsonObjectContextCustomizerFactory$DuplicateJsonObjectContextCustomizer@18a3962d, org.springframework.boot.test.mock.mockito.MockitoContextCustomizer@0, org.springframework.boot.test.context.SpringBootTestArgs@1, org.springframework.boot.test.context.SpringBootTestWebEnvironment@0], contextLoader = 'org.springframework.boot.test.context.SpringBootContextLoader', parent = [null]], attributes = map['org.springframework.test.context.event.ApplicationEventsTestExecutionListener.recordApplicationEvents' -> false]]
]]></system-out>
  <system-err><![CDATA[]]></system-err>
</testsuite>
